0 info it worked if it ends with ok
1 verbose cli [
1 verbose cli   '/Users/smk/.nvm/versions/node/v16.14.2/bin/node',
1 verbose cli   '/Users/smk/D/nodejs/pkviz/node_modules/.bin/npm',
1 verbose cli   'publish',
1 verbose cli   '--access',
1 verbose cli   'public'
1 verbose cli ]
2 info using npm@1.3.26
3 info using node@v16.14.2
4 verbose publish [ 'public' ]
5 verbose cache add [ 'public', null ]
6 verbose cache add name=undefined spec="public" args=["public",null]
7 verbose parsed url Url {
7 verbose parsed url   protocol: null,
7 verbose parsed url   slashes: null,
7 verbose parsed url   auth: null,
7 verbose parsed url   host: null,
7 verbose parsed url   port: null,
7 verbose parsed url   hostname: null,
7 verbose parsed url   hash: null,
7 verbose parsed url   search: null,
7 verbose parsed url   query: null,
7 verbose parsed url   pathname: 'public',
7 verbose parsed url   path: 'public',
7 verbose parsed url   href: 'public'
7 verbose parsed url }
8 silly lockFile 61c9b2b1-public public
9 verbose lock public /Users/smk/.npm/61c9b2b1-public.lock
10 silly lockFile 61c9b2b1-public public
11 silly lockFile 61c9b2b1-public public
12 verbose addNamed [ 'public', '' ]
13 verbose addNamed [ null, '*' ]
14 silly lockFile 45dd3703-public public@
15 verbose lock public@ /Users/smk/.npm/45dd3703-public.lock
16 silly addNameRange { name: 'public', range: '*', hasData: false }
17 verbose url raw public
18 verbose url resolving [ 'https://registry.yarnpkg.com/', './public' ]
19 verbose url resolved https://registry.yarnpkg.com/public
20 info trying registry request attempt 1 at 5:30:19 PM
21 http GET https://registry.yarnpkg.com/public
22 http 200 https://registry.yarnpkg.com/public
23 silly registry.get cb [
23 silly registry.get   200,
23 silly registry.get   {
23 silly registry.get     date: 'Tue, 03 May 2022 08:30:20 GMT',
23 silly registry.get     'content-type': 'application/json',
23 silly registry.get     'content-length': '9625',
23 silly registry.get     connection: 'close',
23 silly registry.get     'cf-ray': '7057a24f3aa88a6f-NRT',
23 silly registry.get     'accept-ranges': 'bytes',
23 silly registry.get     'access-control-allow-origin': '*',
23 silly registry.get     'cache-control': 'public, max-age=300',
23 silly registry.get     etag: '"3c16ee37be7e349e637b39df8e0da3c4"',
23 silly registry.get     'last-modified': 'Fri, 29 Apr 2022 12:43:42 GMT',
23 silly registry.get     vary: 'accept-encoding, accept',
23 silly registry.get     'cf-cache-status': 'REVALIDATED',
23 silly registry.get     'expect-ct': 'max-age=604800, report-uri="https://report-uri.cloudflare.com/cdn-cgi/beacon/expect-ct"',
23 silly registry.get     'x-amz-replication-status': 'COMPLETED',
23 silly registry.get     server: 'cloudflare'
23 silly registry.get   }
23 silly registry.get ]
24 silly addNameRange number 2 { name: 'public', range: '*', hasData: true }
25 silly addNameRange versions [ 'public', [ '0.1.0', '0.1.1', '0.1.2', '0.1.3', '0.1.4', '0.1.5' ] ]
26 verbose addNamed [ 'public', '0.1.5' ]
27 verbose addNamed [ '0.1.5', '0.1.5' ]
28 silly lockFile 7c19f33f-public-0-1-5 public@0.1.5
29 verbose lock public@0.1.5 /Users/smk/.npm/7c19f33f-public-0-1-5.lock
30 warn deprecated public@0.1.5: Not maintained
31 silly lockFile f5383f0a-pmjs-org-public-public-0-1-5-tgz https://registry.npmjs.org/public/-/public-0.1.5.tgz
32 verbose lock https://registry.npmjs.org/public/-/public-0.1.5.tgz /Users/smk/.npm/f5383f0a-pmjs-org-public-public-0-1-5-tgz.lock
33 verbose addRemoteTarball [
33 verbose addRemoteTarball   'https://registry.npmjs.org/public/-/public-0.1.5.tgz',
33 verbose addRemoteTarball   'dc2a7bdf576c3ce0e07c20d09aee59ea995e660c'
33 verbose addRemoteTarball ]
34 info retry fetch attempt 1 at 5:30:20 PM
35 verbose fetch to= /var/folders/1s/by2gg2rj5v568g9m3vfrfhwm0000gn/T/npm-48660-iVilmYaJ/1651566620625-0.28526668288429935/tmp.tgz
36 http GET https://registry.npmjs.org/public/-/public-0.1.5.tgz
37 http 200 https://registry.npmjs.org/public/-/public-0.1.5.tgz
38 verbose tar unpack /var/folders/1s/by2gg2rj5v568g9m3vfrfhwm0000gn/T/npm-48660-iVilmYaJ/1651566620625-0.28526668288429935/tmp.tgz
39 silly lockFile 8922d7bc-0625-0-28526668288429935-package tar:///var/folders/1s/by2gg2rj5v568g9m3vfrfhwm0000gn/T/npm-48660-iVilmYaJ/1651566620625-0.28526668288429935/package
40 verbose lock tar:///var/folders/1s/by2gg2rj5v568g9m3vfrfhwm0000gn/T/npm-48660-iVilmYaJ/1651566620625-0.28526668288429935/package /Users/smk/.npm/8922d7bc-0625-0-28526668288429935-package.lock
41 silly lockFile 251fa5a7-0625-0-28526668288429935-tmp-tgz tar:///var/folders/1s/by2gg2rj5v568g9m3vfrfhwm0000gn/T/npm-48660-iVilmYaJ/1651566620625-0.28526668288429935/tmp.tgz
42 verbose lock tar:///var/folders/1s/by2gg2rj5v568g9m3vfrfhwm0000gn/T/npm-48660-iVilmYaJ/1651566620625-0.28526668288429935/tmp.tgz /Users/smk/.npm/251fa5a7-0625-0-28526668288429935-tmp-tgz.lock
43 silly gunzTarPerm modes [ '755', '644' ]
44 silly gunzTarPerm extractEntry package.json
45 silly gunzTarPerm extractEntry README.md
46 silly gunzTarPerm extractEntry bin/public
47 silly lockFile 8922d7bc-0625-0-28526668288429935-package tar:///var/folders/1s/by2gg2rj5v568g9m3vfrfhwm0000gn/T/npm-48660-iVilmYaJ/1651566620625-0.28526668288429935/package
48 silly lockFile 8922d7bc-0625-0-28526668288429935-package tar:///var/folders/1s/by2gg2rj5v568g9m3vfrfhwm0000gn/T/npm-48660-iVilmYaJ/1651566620625-0.28526668288429935/package
49 silly lockFile 251fa5a7-0625-0-28526668288429935-tmp-tgz tar:///var/folders/1s/by2gg2rj5v568g9m3vfrfhwm0000gn/T/npm-48660-iVilmYaJ/1651566620625-0.28526668288429935/tmp.tgz
50 silly lockFile 251fa5a7-0625-0-28526668288429935-tmp-tgz tar:///var/folders/1s/by2gg2rj5v568g9m3vfrfhwm0000gn/T/npm-48660-iVilmYaJ/1651566620625-0.28526668288429935/tmp.tgz
51 verbose tar pack [
51 verbose tar pack   '/Users/smk/.npm/public/0.1.5/package.tgz',
51 verbose tar pack   '/var/folders/1s/by2gg2rj5v568g9m3vfrfhwm0000gn/T/npm-48660-iVilmYaJ/1651566620625-0.28526668288429935/package'
51 verbose tar pack ]
52 verbose tarball /Users/smk/.npm/public/0.1.5/package.tgz
53 verbose folder /var/folders/1s/by2gg2rj5v568g9m3vfrfhwm0000gn/T/npm-48660-iVilmYaJ/1651566620625-0.28526668288429935/package
54 silly lockFile 8922d7bc-0625-0-28526668288429935-package tar:///var/folders/1s/by2gg2rj5v568g9m3vfrfhwm0000gn/T/npm-48660-iVilmYaJ/1651566620625-0.28526668288429935/package
55 verbose lock tar:///var/folders/1s/by2gg2rj5v568g9m3vfrfhwm0000gn/T/npm-48660-iVilmYaJ/1651566620625-0.28526668288429935/package /Users/smk/.npm/8922d7bc-0625-0-28526668288429935-package.lock
56 silly lockFile ba302a4e-smk-npm-public-0-1-5-package-tgz tar:///Users/smk/.npm/public/0.1.5/package.tgz
57 verbose lock tar:///Users/smk/.npm/public/0.1.5/package.tgz /Users/smk/.npm/ba302a4e-smk-npm-public-0-1-5-package-tgz.lock
58 silly lockFile 8922d7bc-0625-0-28526668288429935-package tar:///var/folders/1s/by2gg2rj5v568g9m3vfrfhwm0000gn/T/npm-48660-iVilmYaJ/1651566620625-0.28526668288429935/package
59 silly lockFile 8922d7bc-0625-0-28526668288429935-package tar:///var/folders/1s/by2gg2rj5v568g9m3vfrfhwm0000gn/T/npm-48660-iVilmYaJ/1651566620625-0.28526668288429935/package
60 silly lockFile ba302a4e-smk-npm-public-0-1-5-package-tgz tar:///Users/smk/.npm/public/0.1.5/package.tgz
61 silly lockFile ba302a4e-smk-npm-public-0-1-5-package-tgz tar:///Users/smk/.npm/public/0.1.5/package.tgz
62 silly lockFile 15d4638a-ers-smk-npm-public-0-1-5-package /Users/smk/.npm/public/0.1.5/package
63 verbose lock /Users/smk/.npm/public/0.1.5/package /Users/smk/.npm/15d4638a-ers-smk-npm-public-0-1-5-package.lock
64 silly lockFile 15d4638a-ers-smk-npm-public-0-1-5-package /Users/smk/.npm/public/0.1.5/package
65 silly lockFile 15d4638a-ers-smk-npm-public-0-1-5-package /Users/smk/.npm/public/0.1.5/package
66 verbose tar unpack /Users/smk/.npm/public/0.1.5/package.tgz
67 silly lockFile b1854ab1-ers-smk-npm-public-0-1-5-package tar:///Users/smk/.npm/public/0.1.5/package
68 verbose lock tar:///Users/smk/.npm/public/0.1.5/package /Users/smk/.npm/b1854ab1-ers-smk-npm-public-0-1-5-package.lock
69 silly lockFile ba302a4e-smk-npm-public-0-1-5-package-tgz tar:///Users/smk/.npm/public/0.1.5/package.tgz
70 verbose lock tar:///Users/smk/.npm/public/0.1.5/package.tgz /Users/smk/.npm/ba302a4e-smk-npm-public-0-1-5-package-tgz.lock
71 silly gunzTarPerm modes [ '755', '644' ]
72 silly gunzTarPerm extractEntry package.json
73 silly gunzTarPerm extractEntry README.md
74 silly gunzTarPerm extractEntry bin/public
75 silly lockFile b1854ab1-ers-smk-npm-public-0-1-5-package tar:///Users/smk/.npm/public/0.1.5/package
76 silly lockFile b1854ab1-ers-smk-npm-public-0-1-5-package tar:///Users/smk/.npm/public/0.1.5/package
77 silly lockFile ba302a4e-smk-npm-public-0-1-5-package-tgz tar:///Users/smk/.npm/public/0.1.5/package.tgz
78 silly lockFile ba302a4e-smk-npm-public-0-1-5-package-tgz tar:///Users/smk/.npm/public/0.1.5/package.tgz
79 verbose chmod /Users/smk/.npm/public/0.1.5/package.tgz 644
80 verbose chown /Users/smk/.npm/public/0.1.5/package.tgz [ 501, 20 ]
81 silly lockFile f5383f0a-pmjs-org-public-public-0-1-5-tgz https://registry.npmjs.org/public/-/public-0.1.5.tgz
82 silly lockFile f5383f0a-pmjs-org-public-public-0-1-5-tgz https://registry.npmjs.org/public/-/public-0.1.5.tgz
83 silly lockFile 7c19f33f-public-0-1-5 public@0.1.5
84 silly lockFile 7c19f33f-public-0-1-5 public@0.1.5
85 silly lockFile 45dd3703-public public@
86 silly lockFile 45dd3703-public public@
87 silly publish {
87 silly publish   author: {
87 silly publish     name: 'tnantoka',
87 silly publish     email: 'bornneet@livedoor.com',
87 silly publish     url: 'http://blog.bornneet.com/'
87 silly publish   },
87 silly publish   name: 'public',
87 silly publish   description: 'Run http server hosting static files with specified public dir & port',
87 silly publish   version: '0.1.5',
87 silly publish   repository: { type: 'git', url: 'git://github.com/tnantoka/public.git' },
87 silly publish   engines: { node: '>= 0.4.11' },
87 silly publish   dependencies: { mime: '>=1.4.1' },
87 silly publish   devDependencies: {},
87 silly publish   bin: { public: 'bin/public' },
87 silly publish   readme: '# public.js\n' +
87 silly publish     '\n' +
87 silly publish     '  Run static file hosting server with specified public dir & port.\n' +
87 silly publish     '  Support a "direcotry index" like Apache httpd.\n' +
87 silly publish     '\n' +
87 silly publish     '## Apologies for module name\n' +
87 silly publish     '\n' +
87 silly publish     '  The name of this module is "public", but it is not recommended to use for "public". It is for development server on the local computer. **Do not use on the public network!**\n' +
87 silly publish     '\n' +
87 silly publish     '## Usage\n' +
87 silly publish     '\n' +
87 silly publish     '    # install\n' +
87 silly publish     '    npm install -g public\n' +
87 silly publish     '\n' +
87 silly publish     '    # start server \n' +
87 silly publish     '    public\n' +
87 silly publish     '    Public.js server running with "/path/to/./" on port 3000\n' +
87 silly publish     '\n' +
87 silly publish     '    # start server with option\n' +
87 silly publish     '    public test 3030\n' +
87 silly publish     '    Public.js server running with "/path/to/test" on port 3030\n' +
87 silly publish     '\n',
87 silly publish   readmeFilename: 'README.md',
87 silly publish   bugs: { url: 'https://github.com/tnantoka/public/issues' },
87 silly publish   homepage: 'https://github.com/tnantoka/public',
87 silly publish   _id: 'public@0.1.5',
87 silly publish   dist: { shasum: '9df9a491076e1cac01bf831b293749e72a54088f' },
87 silly publish   deprecated: 'Not maintained',
87 silly publish   _from: 'public@',
87 silly publish   _resolved: 'https://registry.npmjs.org/public/-/public-0.1.5.tgz'
87 silly publish }
88 info prepublish public@0.1.5
89 error need auth auth and email required for publishing
89 error need auth You need to authorize this machine using `npm adduser`
90 error System Darwin 21.4.0
91 error command "/Users/smk/.nvm/versions/node/v16.14.2/bin/node" "/Users/smk/D/nodejs/pkviz/node_modules/.bin/npm" "publish" "--access" "public"
92 error cwd /Users/smk/D/nodejs/pkviz
93 error node -v v16.14.2
94 error npm -v 1.3.26
95 error code ENEEDAUTH
96 verbose exit [ 1, true ]
